# JRE version: OpenJDK Runtime Environment (11.0.10) (build 11.0.10+0-b96-7249189)
# Java VM: OpenJDK 64-Bit Server VM (11.0.10+0-b96-7249189, mixed mode, tiered, compressed oops, g1 gc, windows-amd64)
Heap:
 garbage-first heap   total 160768K, used 77777K [0x0000000082600000, 0x0000000100000000)
  region size 1024K, 55 young (56320K), 2 survivors (2048K)
 Metaspace       used 45837K, capacity 46464K, committed 46640K, reserved 1089536K
  class space    used 5461K, capacity 5703K, committed 5760K, reserved 1048576K
GC Heap History (10 events):
Event: 0.404 GC heap before
{Heap before GC invocations=0 (full 0):
 garbage-first heap   total 129024K, used 27648K [0x0000000082600000, 0x0000000100000000)
  region size 1024K, 24 young (24576K), 0 survivors (0K)
 Metaspace       used 12331K, capacity 12440K, committed 12544K, reserved 1060864K
  class space    used 1161K, capacity 1207K, committed 1280K, reserved 1048576K
}
Event: 0.407 GC heap after
{Heap after GC invocations=1 (full 0):
 garbage-first heap   total 129024K, used 5726K [0x0000000082600000, 0x0000000100000000)
  region size 1024K, 3 young (3072K), 3 survivors (3072K)
 Metaspace       used 12331K, capacity 12440K, committed 12544K, reserved 1060864K
  class space    used 1161K, capacity 1207K, committed 1280K, reserved 1048576K
}
Event: 0.855 GC heap before
{Heap before GC invocations=1 (full 0):
 garbage-first heap   total 129024K, used 41566K [0x0000000082600000, 0x0000000100000000)
  region size 1024K, 39 young (39936K), 3 survivors (3072K)
 Metaspace       used 20917K, capacity 21208K, committed 21296K, reserved 1069056K
  class space    used 2276K, capacity 2412K, committed 2432K, reserved 1048576K
}
Event: 0.864 GC heap after
{Heap after GC invocations=2 (full 0):
 garbage-first heap   total 129024K, used 9216K [0x0000000082600000, 0x0000000100000000)
  region size 1024K, 6 young (6144K), 6 survivors (6144K)
 Metaspace       used 20917K, capacity 21208K, committed 21296K, reserved 1069056K
  class space    used 2276K, capacity 2412K, committed 2432K, reserved 1048576K
}
Event: 1.513 GC heap before
{Heap before GC invocations=3 (full 0):
 garbage-first heap   total 129024K, used 64512K [0x0000000082600000, 0x0000000100000000)
  region size 1024K, 55 young (56320K), 6 survivors (6144K)
 Metaspace       used 31867K, capacity 32348K, committed 32560K, reserved 1077248K
  class space    used 3957K, capacity 4165K, committed 4224K, reserved 1048576K
}
Event: 1.529 GC heap after
{Heap after GC invocations=4 (full 0):
 garbage-first heap   total 129024K, used 20979K [0x0000000082600000, 0x0000000100000000)
  region size 1024K, 7 young (7168K), 7 survivors (7168K)
 Metaspace       used 31867K, capacity 32348K, committed 32560K, reserved 1077248K
  class space    used 3957K, capacity 4165K, committed 4224K, reserved 1048576K
}
Event: 1.577 GC heap before
{Heap before GC invocations=4 (full 0):
 garbage-first heap   total 129024K, used 25075K [0x0000000082600000, 0x0000000100000000)
  region size 1024K, 11 young (11264K), 7 survivors (7168K)
 Metaspace       used 32789K, capacity 33313K, committed 33584K, reserved 1079296K
  class space    used 4142K, capacity 4359K, committed 4480K, reserved 1048576K
}
Event: 1.586 GC heap after
{Heap after GC invocations=5 (full 0):
 garbage-first heap   total 129024K, used 22365K [0x0000000082600000, 0x0000000100000000)
  region size 1024K, 1 young (1024K), 1 survivors (1024K)
 Metaspace       used 32789K, capacity 33313K, committed 33584K, reserved 1079296K
  class space    used 4142K, capacity 4359K, committed 4480K, reserved 1048576K
}
Event: 1.707 GC heap before
{Heap before GC invocations=5 (full 0):
 garbage-first heap   total 129024K, used 32605K [0x0000000082600000, 0x0000000100000000)
  region size 1024K, 12 young (12288K), 1 survivors (1024K)
 Metaspace       used 35233K, capacity 35745K, committed 35888K, reserved 1081344K
  class space    used 4414K, capacity 4615K, committed 4736K, reserved 1048576K
}
Event: 1.709 GC heap after
{Heap after GC invocations=6 (full 0):
 garbage-first heap   total 160768K, used 22481K [0x0000000082600000, 0x0000000100000000)
  region size 1024K, 2 young (2048K), 2 survivors (2048K)
 Metaspace       used 35233K, capacity 35745K, committed 35888K, reserved 1081344K
  class space    used 4414K, capacity 4615K, committed 4736K, reserved 1048576K
}

