# JRE version: OpenJDK Runtime Environment (11.0.10) (build 11.0.10+0-b96-7249189)
# Java VM: OpenJDK 64-Bit Server VM (11.0.10+0-b96-7249189, mixed mode, tiered, compressed oops, g1 gc, windows-amd64)
Heap:
 garbage-first heap   total 187392K, used 120353K [0x0000000080000000, 0x0000000100000000)
  region size 1024K, 23 young (23552K), 4 survivors (4096K)
 Metaspace       used 95202K, capacity 97534K, committed 97612K, reserved 1134592K
  class space    used 12220K, capacity 13098K, committed 13132K, reserved 1048576K
GC Heap History (20 events):
Event: 11.098 GC heap before
{Heap before GC invocations=16 (full 0):
 garbage-first heap   total 155648K, used 122353K [0x0000000080000000, 0x0000000100000000)
  region size 1024K, 70 young (71680K), 9 survivors (9216K)
 Metaspace       used 75344K, capacity 77037K, committed 77260K, reserved 1116160K
  class space    used 9745K, capacity 10364K, committed 10444K, reserved 1048576K
}
Event: 11.110 GC heap after
{Heap after GC invocations=17 (full 0):
 garbage-first heap   total 155648K, used 64739K [0x0000000080000000, 0x0000000100000000)
  region size 1024K, 5 young (5120K), 5 survivors (5120K)
 Metaspace       used 75344K, capacity 77037K, committed 77260K, reserved 1116160K
  class space    used 9745K, capacity 10364K, committed 10444K, reserved 1048576K
}
Event: 12.337 GC heap before
{Heap before GC invocations=17 (full 0):
 garbage-first heap   total 155648K, used 124131K [0x0000000080000000, 0x0000000100000000)
  region size 1024K, 63 young (64512K), 5 survivors (5120K)
 Metaspace       used 81004K, capacity 82877K, committed 83148K, reserved 1122304K
  class space    used 10486K, capacity 11157K, committed 11212K, reserved 1048576K
}
Event: 12.346 GC heap after
{Heap after GC invocations=18 (full 0):
 garbage-first heap   total 187392K, used 68038K [0x0000000080000000, 0x0000000100000000)
  region size 1024K, 8 young (8192K), 8 survivors (8192K)
 Metaspace       used 81004K, capacity 82877K, committed 83148K, reserved 1122304K
  class space    used 10486K, capacity 11157K, committed 11212K, reserved 1048576K
}
Event: 13.510 GC heap before
{Heap before GC invocations=18 (full 0):
 garbage-first heap   total 187392K, used 139718K [0x0000000080000000, 0x0000000100000000)
  region size 1024K, 79 young (80896K), 8 survivors (8192K)
 Metaspace       used 83954K, capacity 86153K, committed 86348K, reserved 1124352K
  class space    used 10933K, capacity 11749K, committed 11852K, reserved 1048576K
}
Event: 13.520 GC heap after
{Heap after GC invocations=19 (full 0):
 garbage-first heap   total 187392K, used 73423K [0x0000000080000000, 0x0000000100000000)
  region size 1024K, 10 young (10240K), 10 survivors (10240K)
 Metaspace       used 83954K, capacity 86153K, committed 86348K, reserved 1124352K
  class space    used 10933K, capacity 11749K, committed 11852K, reserved 1048576K
}
Event: 14.401 GC heap before
{Heap before GC invocations=19 (full 0):
 garbage-first heap   total 187392K, used 144079K [0x0000000080000000, 0x0000000100000000)
  region size 1024K, 80 young (81920K), 10 survivors (10240K)
 Metaspace       used 84916K, capacity 87214K, committed 87500K, reserved 1124352K
  class space    used 11012K, capacity 11846K, committed 11980K, reserved 1048576K
}
Event: 14.419 GC heap after
{Heap after GC invocations=20 (full 0):
 garbage-first heap   total 187392K, used 77700K [0x0000000080000000, 0x0000000100000000)
  region size 1024K, 10 young (10240K), 10 survivors (10240K)
 Metaspace       used 84916K, capacity 87214K, committed 87500K, reserved 1124352K
  class space    used 11012K, capacity 11846K, committed 11980K, reserved 1048576K
}
Event: 15.099 GC heap before
{Heap before GC invocations=20 (full 0):
 garbage-first heap   total 187392K, used 147332K [0x0000000080000000, 0x0000000100000000)
  region size 1024K, 79 young (80896K), 10 survivors (10240K)
 Metaspace       used 85480K, capacity 87652K, committed 87756K, reserved 1124352K
  class space    used 11077K, capacity 11891K, committed 11980K, reserved 1048576K
}
Event: 15.109 GC heap after
{Heap after GC invocations=21 (full 0):
 garbage-first heap   total 187392K, used 81973K [0x0000000080000000, 0x0000000100000000)
  region size 1024K, 9 young (9216K), 9 survivors (9216K)
 Metaspace       used 85480K, capacity 87652K, committed 87756K, reserved 1124352K
  class space    used 11077K, capacity 11891K, committed 11980K, reserved 1048576K
}
Event: 15.868 GC heap before
{Heap before GC invocations=21 (full 0):
 garbage-first heap   total 187392K, used 150581K [0x0000000080000000, 0x0000000100000000)
  region size 1024K, 76 young (77824K), 9 survivors (9216K)
 Metaspace       used 89827K, capacity 92040K, committed 92108K, reserved 1128448K
  class space    used 11620K, capacity 12435K, committed 12492K, reserved 1048576K
}
Event: 15.877 GC heap after
{Heap after GC invocations=22 (full 0):
 garbage-first heap   total 187392K, used 84962K [0x0000000080000000, 0x0000000100000000)
  region size 1024K, 8 young (8192K), 8 survivors (8192K)
 Metaspace       used 89827K, capacity 92040K, committed 92108K, reserved 1128448K
  class space    used 11620K, capacity 12435K, committed 12492K, reserved 1048576K
}
Event: 16.587 GC heap before
{Heap before GC invocations=22 (full 0):
 garbage-first heap   total 187392K, used 151522K [0x0000000080000000, 0x0000000100000000)
  region size 1024K, 74 young (75776K), 8 survivors (8192K)
 Metaspace       used 91135K, capacity 93286K, committed 93516K, reserved 1130496K
  class space    used 11765K, capacity 12587K, committed 12620K, reserved 1048576K
}
Event: 16.597 GC heap after
{Heap after GC invocations=23 (full 0):
 garbage-first heap   total 187392K, used 89538K [0x0000000080000000, 0x0000000100000000)
  region size 1024K, 8 young (8192K), 8 survivors (8192K)
 Metaspace       used 91135K, capacity 93286K, committed 93516K, reserved 1130496K
  class space    used 11765K, capacity 12587K, committed 12620K, reserved 1048576K
}
Event: 17.101 GC heap before
{Heap before GC invocations=23 (full 0):
 garbage-first heap   total 187392K, used 153026K [0x0000000080000000, 0x0000000100000000)
  region size 1024K, 71 young (72704K), 8 survivors (8192K)
 Metaspace       used 91209K, capacity 93425K, committed 93516K, reserved 1130496K
  class space    used 11767K, capacity 12589K, committed 12620K, reserved 1048576K
}
Event: 17.110 GC heap after
{Heap after GC invocations=24 (full 0):
 garbage-first heap   total 187392K, used 92597K [0x0000000080000000, 0x0000000100000000)
  region size 1024K, 8 young (8192K), 8 survivors (8192K)
 Metaspace       used 91209K, capacity 93425K, committed 93516K, reserved 1130496K
  class space    used 11767K, capacity 12589K, committed 12620K, reserved 1048576K
}
Event: 210.309 GC heap before
{Heap before GC invocations=24 (full 0):
 garbage-first heap   total 187392K, used 154037K [0x0000000080000000, 0x0000000100000000)
  region size 1024K, 69 young (70656K), 8 survivors (8192K)
 Metaspace       used 92459K, capacity 94739K, committed 94924K, reserved 1132544K
  class space    used 11871K, capacity 12716K, committed 12748K, reserved 1048576K
}
Event: 210.345 GC heap after
{Heap after GC invocations=25 (full 0):
 garbage-first heap   total 187392K, used 98437K [0x0000000080000000, 0x0000000100000000)
  region size 1024K, 9 young (9216K), 9 survivors (9216K)
 Metaspace       used 92459K, capacity 94739K, committed 94924K, reserved 1132544K
  class space    used 11871K, capacity 12716K, committed 12748K, reserved 1048576K
}
Event: 211.612 GC heap before
{Heap before GC invocations=26 (full 0):
 garbage-first heap   total 187392K, used 154757K [0x0000000080000000, 0x0000000100000000)
  region size 1024K, 65 young (66560K), 9 survivors (9216K)
 Metaspace       used 93083K, capacity 95318K, committed 95820K, reserved 1132544K
  class space    used 11888K, capacity 12683K, committed 12876K, reserved 1048576K
}
Event: 211.624 GC heap after
{Heap after GC invocations=27 (full 0):
 garbage-first heap   total 187392K, used 101921K [0x0000000080000000, 0x0000000100000000)
  region size 1024K, 4 young (4096K), 4 survivors (4096K)
 Metaspace       used 93083K, capacity 95318K, committed 95820K, reserved 1132544K
  class space    used 11888K, capacity 12683K, committed 12876K, reserved 1048576K
}

