# JRE version: OpenJDK Runtime Environment (11.0.10) (build 11.0.10+0-b96-7249189)
# Java VM: OpenJDK 64-Bit Server VM (11.0.10+0-b96-7249189, mixed mode, tiered, compressed oops, g1 gc, windows-amd64)
Heap:
 garbage-first heap   total 155648K, used 57344K [0x0000000082600000, 0x0000000100000000)
  region size 1024K, 14 young (14336K), 7 survivors (7168K)
 Metaspace       used 60962K, capacity 61734K, committed 61800K, reserved 1103872K
  class space    used 6950K, capacity 7260K, committed 7296K, reserved 1048576K
GC Heap History (18 events):
Event: 0.395 GC heap before
{Heap before GC invocations=0 (full 0):
 garbage-first heap   total 129024K, used 27648K [0x0000000082600000, 0x0000000100000000)
  region size 1024K, 24 young (24576K), 0 survivors (0K)
 Metaspace       used 12334K, capacity 12440K, committed 12544K, reserved 1060864K
  class space    used 1161K, capacity 1207K, committed 1280K, reserved 1048576K
}
Event: 0.398 GC heap after
{Heap after GC invocations=1 (full 0):
 garbage-first heap   total 129024K, used 5819K [0x0000000082600000, 0x0000000100000000)
  region size 1024K, 3 young (3072K), 3 survivors (3072K)
 Metaspace       used 12334K, capacity 12440K, committed 12544K, reserved 1060864K
  class space    used 1161K, capacity 1207K, committed 1280K, reserved 1048576K
}
Event: 0.848 GC heap before
{Heap before GC invocations=1 (full 0):
 garbage-first heap   total 129024K, used 41659K [0x0000000082600000, 0x0000000100000000)
  region size 1024K, 39 young (39936K), 3 survivors (3072K)
 Metaspace       used 20895K, capacity 21208K, committed 21296K, reserved 1069056K
  class space    used 2276K, capacity 2412K, committed 2432K, reserved 1048576K
}
Event: 0.856 GC heap after
{Heap after GC invocations=2 (full 0):
 garbage-first heap   total 129024K, used 9216K [0x0000000082600000, 0x0000000100000000)
  region size 1024K, 6 young (6144K), 6 survivors (6144K)
 Metaspace       used 20895K, capacity 21208K, committed 21296K, reserved 1069056K
  class space    used 2276K, capacity 2412K, committed 2432K, reserved 1048576K
}
Event: 1.502 GC heap before
{Heap before GC invocations=3 (full 0):
 garbage-first heap   total 129024K, used 64512K [0x0000000082600000, 0x0000000100000000)
  region size 1024K, 55 young (56320K), 6 survivors (6144K)
 Metaspace       used 32036K, capacity 32540K, committed 32688K, reserved 1077248K
  class space    used 4035K, capacity 4229K, committed 4352K, reserved 1048576K
}
Event: 1.514 GC heap after
{Heap after GC invocations=4 (full 0):
 garbage-first heap   total 129024K, used 21205K [0x0000000082600000, 0x0000000100000000)
  region size 1024K, 7 young (7168K), 7 survivors (7168K)
 Metaspace       used 32036K, capacity 32540K, committed 32688K, reserved 1077248K
  class space    used 4035K, capacity 4229K, committed 4352K, reserved 1048576K
}
Event: 1.581 GC heap before
{Heap before GC invocations=4 (full 0):
 garbage-first heap   total 129024K, used 26325K [0x0000000082600000, 0x0000000100000000)
  region size 1024K, 12 young (12288K), 7 survivors (7168K)
 Metaspace       used 33290K, capacity 33793K, committed 34096K, reserved 1079296K
  class space    used 4203K, capacity 4391K, committed 4480K, reserved 1048576K
}
Event: 1.588 GC heap after
{Heap after GC invocations=5 (full 0):
 garbage-first heap   total 129024K, used 22528K [0x0000000082600000, 0x0000000100000000)
  region size 1024K, 1 young (1024K), 1 survivors (1024K)
 Metaspace       used 33290K, capacity 33793K, committed 34096K, reserved 1079296K
  class space    used 4203K, capacity 4391K, committed 4480K, reserved 1048576K
}
Event: 1.690 GC heap before
{Heap before GC invocations=5 (full 0):
 garbage-first heap   total 129024K, used 31744K [0x0000000082600000, 0x0000000100000000)
  region size 1024K, 11 young (11264K), 1 survivors (1024K)
 Metaspace       used 35303K, capacity 35756K, committed 35888K, reserved 1081344K
  class space    used 4426K, capacity 4619K, committed 4736K, reserved 1048576K
}
Event: 1.692 GC heap after
{Heap after GC invocations=6 (full 0):
 garbage-first heap   total 155648K, used 22528K [0x0000000082600000, 0x0000000100000000)
  region size 1024K, 1 young (1024K), 1 survivors (1024K)
 Metaspace       used 35303K, capacity 35756K, committed 35888K, reserved 1081344K
  class space    used 4426K, capacity 4619K, committed 4736K, reserved 1048576K
}
Event: 2.352 GC heap before
{Heap before GC invocations=7 (full 0):
 garbage-first heap   total 155648K, used 78848K [0x0000000082600000, 0x0000000100000000)
  region size 1024K, 54 young (55296K), 1 survivors (1024K)
 Metaspace       used 45971K, capacity 46596K, committed 46896K, reserved 1091584K
  class space    used 5462K, capacity 5703K, committed 5760K, reserved 1048576K
}
Event: 2.358 GC heap after
{Heap after GC invocations=8 (full 0):
 garbage-first heap   total 155648K, used 28336K [0x0000000082600000, 0x0000000100000000)
  region size 1024K, 7 young (7168K), 7 survivors (7168K)
 Metaspace       used 45971K, capacity 46596K, committed 46896K, reserved 1091584K
  class space    used 5462K, capacity 5703K, committed 5760K, reserved 1048576K
}
Event: 2.916 GC heap before
{Heap before GC invocations=8 (full 0):
 garbage-first heap   total 155648K, used 86704K [0x0000000082600000, 0x0000000100000000)
  region size 1024K, 63 young (64512K), 7 survivors (7168K)
 Metaspace       used 50349K, capacity 51043K, committed 51248K, reserved 1093632K
  class space    used 5939K, capacity 6227K, committed 6272K, reserved 1048576K
}
Event: 2.932 GC heap after
{Heap after GC invocations=9 (full 0):
 garbage-first heap   total 155648K, used 35896K [0x0000000082600000, 0x0000000100000000)
  region size 1024K, 8 young (8192K), 8 survivors (8192K)
 Metaspace       used 50349K, capacity 51043K, committed 51248K, reserved 1093632K
  class space    used 5939K, capacity 6227K, committed 6272K, reserved 1048576K
}
Event: 3.878 GC heap before
{Heap before GC invocations=9 (full 0):
 garbage-first heap   total 155648K, used 93240K [0x0000000082600000, 0x0000000100000000)
  region size 1024K, 64 young (65536K), 8 survivors (8192K)
 Metaspace       used 54849K, capacity 55535K, committed 55728K, reserved 1097728K
  class space    used 6302K, capacity 6592K, committed 6656K, reserved 1048576K
}
Event: 3.899 GC heap after
{Heap after GC invocations=10 (full 0):
 garbage-first heap   total 155648K, used 43602K [0x0000000082600000, 0x0000000100000000)
  region size 1024K, 8 young (8192K), 8 survivors (8192K)
 Metaspace       used 54849K, capacity 55535K, committed 55728K, reserved 1097728K
  class space    used 6302K, capacity 6592K, committed 6656K, reserved 1048576K
}
Event: 4.752 GC heap before
{Heap before GC invocations=10 (full 0):
 garbage-first heap   total 155648K, used 91730K [0x0000000082600000, 0x0000000100000000)
  region size 1024K, 56 young (57344K), 8 survivors (8192K)
 Metaspace       used 59454K, capacity 60163K, committed 60240K, reserved 1101824K
  class space    used 6824K, capacity 7121K, committed 7168K, reserved 1048576K
}
Event: 4.775 GC heap after
{Heap after GC invocations=11 (full 0):
 garbage-first heap   total 155648K, used 51200K [0x0000000082600000, 0x0000000100000000)
  region size 1024K, 7 young (7168K), 7 survivors (7168K)
 Metaspace       used 59454K, capacity 60163K, committed 60240K, reserved 1101824K
  class space    used 6824K, capacity 7121K, committed 7168K, reserved 1048576K
}

