# JRE version: OpenJDK Runtime Environment (11.0.10) (build 11.0.10+0-b96-7249189)
# Java VM: OpenJDK 64-Bit Server VM (11.0.10+0-b96-7249189, mixed mode, tiered, compressed oops, g1 gc, windows-amd64)
Heap:
 garbage-first heap   total 187392K, used 151517K [0x0000000080000000, 0x0000000100000000)
  region size 1024K, 68 young (69632K), 7 survivors (7168K)
 Metaspace       used 99812K, capacity 102467K, committed 102604K, reserved 1138688K
  class space    used 13019K, capacity 14035K, committed 14104K, reserved 1048576K
GC Heap History (20 events):
Event: 5.420 GC heap before
{Heap before GC invocations=11 (full 0):
 garbage-first heap   total 155648K, used 78251K [0x0000000080000000, 0x0000000100000000)
  region size 1024K, 31 young (31744K), 3 survivors (3072K)
 Metaspace       used 58616K, capacity 60168K, committed 60288K, reserved 1101824K
  class space    used 7530K, capacity 8106K, committed 8140K, reserved 1048576K
}
Event: 5.426 GC heap after
{Heap after GC invocations=12 (full 0):
 garbage-first heap   total 187392K, used 51117K [0x0000000080000000, 0x0000000100000000)
  region size 1024K, 4 young (4096K), 4 survivors (4096K)
 Metaspace       used 58616K, capacity 60168K, committed 60288K, reserved 1101824K
  class space    used 7530K, capacity 8106K, committed 8140K, reserved 1048576K
}
Event: 6.652 GC heap before
{Heap before GC invocations=13 (full 0):
 garbage-first heap   total 187392K, used 125869K [0x0000000080000000, 0x0000000100000000)
  region size 1024K, 77 young (78848K), 4 survivors (4096K)
 Metaspace       used 67418K, capacity 69031K, committed 69324K, reserved 1110016K
  class space    used 8609K, capacity 9169K, committed 9240K, reserved 1048576K
}
Event: 6.663 GC heap after
{Heap after GC invocations=14 (full 0):
 garbage-first heap   total 187392K, used 56275K [0x0000000080000000, 0x0000000100000000)
  region size 1024K, 9 young (9216K), 9 survivors (9216K)
 Metaspace       used 67418K, capacity 69031K, committed 69324K, reserved 1110016K
  class space    used 8609K, capacity 9169K, committed 9240K, reserved 1048576K
}
Event: 7.583 GC heap before
{Heap before GC invocations=15 (full 0):
 garbage-first heap   total 187392K, used 131027K [0x0000000080000000, 0x0000000100000000)
  region size 1024K, 82 young (83968K), 9 survivors (9216K)
 Metaspace       used 71167K, capacity 73021K, committed 73164K, reserved 1112064K
  class space    used 9068K, capacity 9699K, committed 9752K, reserved 1048576K
}
Event: 7.605 GC heap after
{Heap after GC invocations=16 (full 0):
 garbage-first heap   total 187392K, used 60097K [0x0000000080000000, 0x0000000100000000)
  region size 1024K, 10 young (10240K), 10 survivors (10240K)
 Metaspace       used 71167K, capacity 73021K, committed 73164K, reserved 1112064K
  class space    used 9068K, capacity 9699K, committed 9752K, reserved 1048576K
}
Event: 8.557 GC heap before
{Heap before GC invocations=16 (full 0):
 garbage-first heap   total 187392K, used 135873K [0x0000000080000000, 0x0000000100000000)
  region size 1024K, 84 young (86016K), 10 survivors (10240K)
 Metaspace       used 78224K, capacity 80078K, committed 80204K, reserved 1118208K
  class space    used 10128K, capacity 10807K, committed 10904K, reserved 1048576K
}
Event: 8.568 GC heap after
{Heap after GC invocations=17 (full 0):
 garbage-first heap   total 187392K, used 65258K [0x0000000080000000, 0x0000000100000000)
  region size 1024K, 10 young (10240K), 10 survivors (10240K)
 Metaspace       used 78224K, capacity 80078K, committed 80204K, reserved 1118208K
  class space    used 10128K, capacity 10807K, committed 10904K, reserved 1048576K
}
Event: 9.532 GC heap before
{Heap before GC invocations=17 (full 0):
 garbage-first heap   total 187392K, used 140010K [0x0000000080000000, 0x0000000100000000)
  region size 1024K, 83 young (84992K), 10 survivors (10240K)
 Metaspace       used 85899K, capacity 87771K, committed 87884K, reserved 1126400K
  class space    used 11170K, capacity 11874K, committed 11928K, reserved 1048576K
}
Event: 9.541 GC heap after
{Heap after GC invocations=18 (full 0):
 garbage-first heap   total 187392K, used 70167K [0x0000000080000000, 0x0000000100000000)
  region size 1024K, 11 young (11264K), 11 survivors (11264K)
 Metaspace       used 85899K, capacity 87771K, committed 87884K, reserved 1126400K
  class space    used 11170K, capacity 11874K, committed 11928K, reserved 1048576K
}
Event: 10.254 GC heap before
{Heap before GC invocations=18 (full 0):
 garbage-first heap   total 187392K, used 142871K [0x0000000080000000, 0x0000000100000000)
  region size 1024K, 83 young (84992K), 11 survivors (11264K)
 Metaspace       used 89216K, capacity 91564K, committed 91724K, reserved 1128448K
  class space    used 11680K, capacity 12579K, committed 12696K, reserved 1048576K
}
Event: 10.264 GC heap after
{Heap after GC invocations=19 (full 0):
 garbage-first heap   total 187392K, used 75920K [0x0000000080000000, 0x0000000100000000)
  region size 1024K, 11 young (11264K), 11 survivors (11264K)
 Metaspace       used 89216K, capacity 91564K, committed 91724K, reserved 1128448K
  class space    used 11680K, capacity 12579K, committed 12696K, reserved 1048576K
}
Event: 11.212 GC heap before
{Heap before GC invocations=19 (full 0):
 garbage-first heap   total 187392K, used 146576K [0x0000000080000000, 0x0000000100000000)
  region size 1024K, 81 young (82944K), 11 survivors (11264K)
 Metaspace       used 90337K, capacity 92812K, committed 93132K, reserved 1130496K
  class space    used 11761K, capacity 12709K, committed 12824K, reserved 1048576K
}
Event: 11.222 GC heap after
{Heap after GC invocations=20 (full 0):
 garbage-first heap   total 187392K, used 79938K [0x0000000080000000, 0x0000000100000000)
  region size 1024K, 10 young (10240K), 10 survivors (10240K)
 Metaspace       used 90337K, capacity 92812K, committed 93132K, reserved 1130496K
  class space    used 11761K, capacity 12709K, committed 12824K, reserved 1048576K
}
Event: 11.565 GC heap before
{Heap before GC invocations=20 (full 0):
 garbage-first heap   total 187392K, used 148546K [0x0000000080000000, 0x0000000100000000)
  region size 1024K, 78 young (79872K), 10 survivors (10240K)
 Metaspace       used 90914K, capacity 93374K, committed 93644K, reserved 1130496K
  class space    used 11835K, capacity 12754K, committed 12824K, reserved 1048576K
}
Event: 11.574 GC heap after
{Heap after GC invocations=21 (full 0):
 garbage-first heap   total 187392K, used 84444K [0x0000000080000000, 0x0000000100000000)
  region size 1024K, 9 young (9216K), 9 survivors (9216K)
 Metaspace       used 90914K, capacity 93374K, committed 93644K, reserved 1130496K
  class space    used 11835K, capacity 12754K, committed 12824K, reserved 1048576K
}
Event: 12.035 GC heap before
{Heap before GC invocations=21 (full 0):
 garbage-first heap   total 187392K, used 151004K [0x0000000080000000, 0x0000000100000000)
  region size 1024K, 75 young (76800K), 9 survivors (9216K)
 Metaspace       used 94589K, capacity 97026K, committed 97228K, reserved 1132544K
  class space    used 12303K, capacity 13202K, committed 13336K, reserved 1048576K
}
Event: 12.042 GC heap after
{Heap after GC invocations=22 (full 0):
 garbage-first heap   total 187392K, used 87108K [0x0000000080000000, 0x0000000100000000)
  region size 1024K, 7 young (7168K), 7 survivors (7168K)
 Metaspace       used 94589K, capacity 97026K, committed 97228K, reserved 1132544K
  class space    used 12303K, capacity 13202K, committed 13336K, reserved 1048576K
}
Event: 17.868 GC heap before
{Heap before GC invocations=22 (full 0):
 garbage-first heap   total 187392K, used 152644K [0x0000000080000000, 0x0000000100000000)
  region size 1024K, 72 young (73728K), 7 survivors (7168K)
 Metaspace       used 99305K, capacity 102069K, committed 102348K, reserved 1138688K
  class space    used 12981K, capacity 13994K, committed 14104K, reserved 1048576K
}
Event: 17.875 GC heap after
{Heap after GC invocations=23 (full 0):
 garbage-first heap   total 187392K, used 91101K [0x0000000080000000, 0x0000000100000000)
  region size 1024K, 7 young (7168K), 7 survivors (7168K)
 Metaspace       used 99305K, capacity 102069K, committed 102348K, reserved 1138688K
  class space    used 12981K, capacity 13994K, committed 14104K, reserved 1048576K
}

